Build started 9/28/2013 3:31:49 PM.
     1>Project "C:\Users\sumanm\Dropbox\Documents\MSc_Essay\project\windowsVer09\windowsVer09\windowsVer09.vcxproj" on node 2 (build target(s)).
     1>InitializeBuildStatus:
         Creating "Debug\windowsVer09.unsuccessfulbuild" because "AlwaysCreate" was specified.
       ClCompile:
         c:\Program Files (x86)\Microsoft Visual Studio 10.0\VC\bin\CL.exe /c /ZI /nologo /W3 /WX- /Od /Oy- /D _MBCS /Gm /EHsc /RTC1 /MDd /GS /fp:precise /Zc:wchar_t /Zc:forScope /Fo"Debug\\" /Fd"Debug\vc100.pdb" /Gd /TP /analyze- /errorReport:prompt ..\..\openglBased\oorl_learner.cpp
         oorl_learner.cpp
     1>c:\users\sumanm\dropbox\documents\msc_essay\project\openglbased\oorl_learner.cpp(62): warning C4018: '>=' : signed/unsigned mismatch
     1>c:\users\sumanm\dropbox\documents\msc_essay\project\openglbased\oorl_learner.cpp(231): warning C4018: '<' : signed/unsigned mismatch
     1>c:\users\sumanm\dropbox\documents\msc_essay\project\openglbased\oorl_learner.cpp(260): warning C4018: '<' : signed/unsigned mismatch
     1>c:\users\sumanm\dropbox\documents\msc_essay\project\openglbased\oorl_learner.cpp(279): warning C4018: '<' : signed/unsigned mismatch
     1>c:\users\sumanm\dropbox\documents\msc_essay\project\openglbased\oorl_learner.cpp(218): warning C4101: 'wall_y' : unreferenced local variable
     1>c:\users\sumanm\dropbox\documents\msc_essay\project\openglbased\oorl_learner.cpp(218): warning C4101: 'wall_x' : unreferenced local variable
     1>c:\users\sumanm\dropbox\documents\msc_essay\project\openglbased\oorl_learner.cpp(217): warning C4101: 'i' : unreferenced local variable
     1>c:\users\sumanm\dropbox\documents\msc_essay\project\openglbased\oorl_learner.cpp(217): warning C4101: 'temp' : unreferenced local variable
     1>c:\users\sumanm\dropbox\documents\msc_essay\project\openglbased\oorl_learner.cpp(537): warning C4018: '<' : signed/unsigned mismatch
     1>c:\users\sumanm\dropbox\documents\msc_essay\project\openglbased\oorl_learner.cpp(524): warning C4101: 'a_' : unreferenced local variable
     1>c:\users\sumanm\dropbox\documents\msc_essay\project\openglbased\oorl_learner.cpp(531): warning C4101: 'temp' : unreferenced local variable
     1>c:\users\sumanm\dropbox\documents\msc_essay\project\openglbased\oorl_learner.cpp(528): warning C4101: 'maxval' : unreferenced local variable
     1>c:\users\sumanm\dropbox\documents\msc_essay\project\openglbased\oorl_learner.cpp(524): warning C4101: 'r' : unreferenced local variable
     1>c:\users\sumanm\dropbox\documents\msc_essay\project\openglbased\oorl_learner.cpp(618): warning C4018: '<' : signed/unsigned mismatch
     1>c:\users\sumanm\dropbox\documents\msc_essay\project\openglbased\oorl_learner.cpp(645): warning C4018: '<' : signed/unsigned mismatch
     1>c:\users\sumanm\dropbox\documents\msc_essay\project\openglbased\oorl_learner.cpp(653): warning C4018: '<' : signed/unsigned mismatch
     1>c:\users\sumanm\dropbox\documents\msc_essay\project\openglbased\oorl_learner.cpp(676): warning C4018: '<' : signed/unsigned mismatch
     1>c:\users\sumanm\dropbox\documents\msc_essay\project\openglbased\oorl_learner.cpp(682): warning C4018: '<' : signed/unsigned mismatch
     1>c:\users\sumanm\dropbox\documents\msc_essay\project\openglbased\oorl_learner.cpp(720): warning C4996: 'fopen': This function or variable may be unsafe. Consider using fopen_s instead. To disable deprecation, use _CRT_SECURE_NO_WARNINGS. See online help for details.
                 c:\program files (x86)\microsoft visual studio 10.0\vc\include\stdio.h(234) : see declaration of 'fopen'
     1>c:\users\sumanm\dropbox\documents\msc_essay\project\openglbased\oorl_learner.cpp(721): warning C4018: '<' : signed/unsigned mismatch
     1>c:\users\sumanm\dropbox\documents\msc_essay\project\openglbased\oorl_learner.cpp(725): warning C4018: '<' : signed/unsigned mismatch
     1>c:\users\sumanm\dropbox\documents\msc_essay\project\openglbased\oorl_learner.cpp(734): warning C4018: '<' : signed/unsigned mismatch
     1>c:\users\sumanm\dropbox\documents\msc_essay\project\openglbased\oorl_learner.cpp(792): warning C4018: '<' : signed/unsigned mismatch
     1>c:\users\sumanm\dropbox\documents\msc_essay\project\openglbased\oorl_learner.cpp(814): warning C4018: '<' : signed/unsigned mismatch
     1>c:\users\sumanm\dropbox\documents\msc_essay\project\openglbased\oorl_learner.cpp(879): warning C4018: '<' : signed/unsigned mismatch
     1>c:\users\sumanm\dropbox\documents\msc_essay\project\openglbased\oorl_learner.cpp(906): warning C4018: '<' : signed/unsigned mismatch
     1>c:\users\sumanm\dropbox\documents\msc_essay\project\openglbased\oorl_learner.cpp(917): warning C4018: '<' : signed/unsigned mismatch
     1>c:\users\sumanm\dropbox\documents\msc_essay\project\openglbased\oorl_learner.cpp(942): warning C4018: '<' : signed/unsigned mismatch
     1>c:\users\sumanm\dropbox\documents\msc_essay\project\openglbased\oorl_learner.cpp(961): warning C4018: '>' : signed/unsigned mismatch
     1>c:\users\sumanm\dropbox\documents\msc_essay\project\openglbased\oorl_learner.cpp(482): warning C4715: 'oorl_learner::getReward' : not all control paths return a value
     1>c:\users\sumanm\dropbox\documents\msc_essay\project\openglbased\oorl_learner.cpp(707): warning C4715: 'oorl_learner::applyEffect' : not all control paths return a value
       Link:
         c:\Program Files (x86)\Microsoft Visual Studio 10.0\VC\bin\link.exe /ERRORREPORT:PROMPT /OUT:"C:\Users\sumanm\Dropbox\Documents\MSc_Essay\project\windowsVer09\Debug\windowsVer09.exe" /NOLOGO glut32.lib kernel32.lib user32.lib gdi32.lib winspool.lib comdlg32.lib advapi32.lib shell32.lib ole32.lib oleaut32.lib uuid.lib odbc32.lib odbccp32.lib kernel32.lib user32.lib gdi32.lib winspool.lib comdlg32.lib advapi32.lib shell32.lib ole32.lib oleaut32.lib uuid.lib odbc32.lib odbccp32.lib /MANIFEST /ManifestFile:"Debug\windowsVer09.exe.intermediate.manifest" /MANIFESTUAC:"level='asInvoker' uiAccess='false'" /DEBUG /PDB:"C:\Users\sumanm\Dropbox\Documents\MSc_Essay\project\windowsVer09\Debug\windowsVer09.pdb" /TLBID:1 /DYNAMICBASE /NXCOMPAT /IMPLIB:"C:\Users\sumanm\Dropbox\Documents\MSc_Essay\project\windowsVer09\Debug\windowsVer09.lib" /MACHINE:X86 Debug\agent.obj
         Debug\controller.obj
         Debug\core.obj
         Debug\grid.obj
         Debug\headController.obj
         Debug\oorl_learner.obj
         Debug\passenger.obj
         Debug\relation.obj
         Debug\wall.obj
         LINK : C:\Users\sumanm\Dropbox\Documents\MSc_Essay\project\windowsVer09\Debug\windowsVer09.exe not found or not built by the last incremental link; performing full link
         windowsVer09.vcxproj -> C:\Users\sumanm\Dropbox\Documents\MSc_Essay\project\windowsVer09\Debug\windowsVer09.exe
       Manifest:
         C:\Program Files (x86)\Microsoft SDKs\Windows\v7.0A\bin\mt.exe /nologo /verbose /outputresource:"C:\Users\sumanm\Dropbox\Documents\MSc_Essay\project\windowsVer09\Debug\windowsVer09.exe;#1" /manifest Debug\windowsVer09.exe.intermediate.manifest
       FinalizeBuildStatus:
         Deleting file "Debug\windowsVer09.unsuccessfulbuild".
         Touching "Debug\windowsVer09.lastbuildstate".
     1>Done Building Project "C:\Users\sumanm\Dropbox\Documents\MSc_Essay\project\windowsVer09\windowsVer09\windowsVer09.vcxproj" (build target(s)).

Build succeeded.

Time Elapsed 00:00:02.58
